2022-09-18T08:02:25+00:00 CRITICAL Uncaught Error: Class 'Client' not found in E:\xampp\htdocs\quanlikho\wp-content\plugins\baocaongay\index.php:125
Stack trace:
#0 E:\xampp\htdocs\quanlikho\wp-content\plugins\baocaongay\index.php(78): get_daily_orders_count()
#1 E:\xampp\htdocs\quanlikho\wp-includes\class-wp-hook.php(307): get_daily_purchases_total('')
#2 E:\xampp\htdocs\quanlikho\wp-includes\class-wp-hook.php(331): WP_Hook->apply_filters('', Array)
#3 E:\xampp\htdocs\quanlikho\wp-includes\plugin.php(476): WP_Hook->do_action(Array)
#4 E:\xampp\htdocs\quanlikho\wp-admin\admin.php(259): do_action('toplevel_page_b...')
#5 {main}
  thrown in E:\xampp\htdocs\quanlikho\wp-content\plugins\baocaongay\index.php on line 125

2022-09-18T08:23:55+00:00 CRITICAL Uncaught Error: Call to undefined method Automattic\WooCommerce\Admin\Overrides\Order::get_first_name() in E:\xampp\htdocs\quanlikho\wp-content\plugins\baocaongay\index.php:136
Stack trace:
#0 E:\xampp\htdocs\quanlikho\wp-content\plugins\baocaongay\index.php(82): get_daily_orders_count()
#1 E:\xampp\htdocs\quanlikho\wp-includes\class-wp-hook.php(307): get_daily_purchases_total('')
#2 E:\xampp\htdocs\quanlikho\wp-includes\class-wp-hook.php(331): WP_Hook->apply_filters('', Array)
#3 E:\xampp\htdocs\quanlikho\wp-includes\plugin.php(476): WP_Hook->do_action(Array)
#4 E:\xampp\htdocs\quanlikho\wp-admin\admin.php(259): do_action('toplevel_page_b...')
#5 {main}
  thrown in E:\xampp\htdocs\quanlikho\wp-content\plugins\baocaongay\index.php on line 136

2022-09-18T08:51:56+00:00 CRITICAL Uncaught Error: Call to undefined method WC_Order_Item_Product::meta_data() in E:\xampp\htdocs\quanlikho\wp-content\plugins\khachhang\index.php:54
Stack trace:
#0 E:\xampp\htdocs\quanlikho\wp-includes\class-wp-hook.php(307): get_customer('')
#1 E:\xampp\htdocs\quanlikho\wp-includes\class-wp-hook.php(331): WP_Hook->apply_filters('', Array)
#2 E:\xampp\htdocs\quanlikho\wp-includes\plugin.php(476): WP_Hook->do_action(Array)
#3 E:\xampp\htdocs\quanlikho\wp-admin\admin.php(259): do_action('toplevel_page_k...')
#4 {main}
  thrown in E:\xampp\htdocs\quanlikho\wp-content\plugins\khachhang\index.php on line 54

2022-09-18T08:52:04+00:00 CRITICAL Uncaught Error: Call to undefined method WC_Order_Item_Product::meta_data() in E:\xampp\htdocs\quanlikho\wp-content\plugins\khachhang\index.php:54
Stack trace:
#0 E:\xampp\htdocs\quanlikho\wp-includes\class-wp-hook.php(307): get_customer('')
#1 E:\xampp\htdocs\quanlikho\wp-includes\class-wp-hook.php(331): WP_Hook->apply_filters('', Array)
#2 E:\xampp\htdocs\quanlikho\wp-includes\plugin.php(476): WP_Hook->do_action(Array)
#3 E:\xampp\htdocs\quanlikho\wp-admin\admin.php(259): do_action('toplevel_page_k...')
#4 {main}
  thrown in E:\xampp\htdocs\quanlikho\wp-content\plugins\khachhang\index.php on line 54

2022-09-18T08:54:05+00:00 CRITICAL Uncaught Error: Call to undefined method Automattic\WooCommerce\Admin\Overrides\Order::meta_data() in E:\xampp\htdocs\quanlikho\wp-content\plugins\khachhang\index.php:49
Stack trace:
#0 E:\xampp\htdocs\quanlikho\wp-includes\class-wp-hook.php(307): get_customer('')
#1 E:\xampp\htdocs\quanlikho\wp-includes\class-wp-hook.php(331): WP_Hook->apply_filters('', Array)
#2 E:\xampp\htdocs\quanlikho\wp-includes\plugin.php(476): WP_Hook->do_action(Array)
#3 E:\xampp\htdocs\quanlikho\wp-admin\admin.php(259): do_action('toplevel_page_k...')
#4 {main}
  thrown in E:\xampp\htdocs\quanlikho\wp-content\plugins\khachhang\index.php on line 49

2022-09-18T08:56:06+00:00 CRITICAL Uncaught Error: Cannot use object of type Automattic\WooCommerce\Admin\Overrides\Order as array in E:\xampp\htdocs\quanlikho\wp-content\plugins\khachhang\index.php:49
Stack trace:
#0 E:\xampp\htdocs\quanlikho\wp-includes\class-wp-hook.php(307): get_customer('')
#1 E:\xampp\htdocs\quanlikho\wp-includes\class-wp-hook.php(331): WP_Hook->apply_filters('', Array)
#2 E:\xampp\htdocs\quanlikho\wp-includes\plugin.php(476): WP_Hook->do_action(Array)
#3 E:\xampp\htdocs\quanlikho\wp-admin\admin.php(259): do_action('toplevel_page_k...')
#4 {main}
  thrown in E:\xampp\htdocs\quanlikho\wp-content\plugins\khachhang\index.php on line 49

