2022-09-19T02:54:22+00:00 CRITICAL Cannot redeclare custom_customer() (previously declared in E:\xampp\htdocs\quanlikho\wp-content\plugins\khachhang\index.php:21) in E:\xampp\htdocs\quanlikho\wp-content\plugins\muahang\index.php on line 22

2022-09-19T02:54:24+00:00 CRITICAL Cannot redeclare custom_customer() (previously declared in E:\xampp\htdocs\quanlikho\wp-content\plugins\khachhang\index.php:21) in E:\xampp\htdocs\quanlikho\wp-content\plugins\muahang\index.php on line 22

2022-09-19T02:54:24+00:00 CRITICAL Cannot redeclare custom_customer() (previously declared in E:\xampp\htdocs\quanlikho\wp-content\plugins\khachhang\index.php:21) in E:\xampp\htdocs\quanlikho\wp-content\plugins\muahang\index.php on line 22

2022-09-19T02:55:24+00:00 CRITICAL Cannot redeclare custom_customer() (previously declared in E:\xampp\htdocs\quanlikho\wp-content\plugins\khachhang\index.php:21) in E:\xampp\htdocs\quanlikho\wp-content\plugins\muahang\index.php on line 22

2022-09-19T02:55:26+00:00 CRITICAL Cannot redeclare custom_customer() (previously declared in E:\xampp\htdocs\quanlikho\wp-content\plugins\khachhang\index.php:21) in E:\xampp\htdocs\quanlikho\wp-content\plugins\muahang\index.php on line 22

2022-09-19T02:55:26+00:00 CRITICAL Cannot redeclare custom_customer() (previously declared in E:\xampp\htdocs\quanlikho\wp-content\plugins\khachhang\index.php:21) in E:\xampp\htdocs\quanlikho\wp-content\plugins\muahang\index.php on line 22

2022-09-19T03:40:44+00:00 CRITICAL Uncaught Error: Call to undefined function get_id() in E:\xampp\htdocs\quanlikho\wp-content\plugins\muahang\index.php:44
Stack trace:
#0 E:\xampp\htdocs\quanlikho\wp-includes\class-wp-hook.php(307): order('')
#1 E:\xampp\htdocs\quanlikho\wp-includes\class-wp-hook.php(331): WP_Hook->apply_filters('', Array)
#2 E:\xampp\htdocs\quanlikho\wp-includes\plugin.php(476): WP_Hook->do_action(Array)
#3 E:\xampp\htdocs\quanlikho\wp-admin\admin.php(259): do_action('toplevel_page_m...')
#4 {main}
  thrown in E:\xampp\htdocs\quanlikho\wp-content\plugins\muahang\index.php on line 44

2022-09-19T03:54:31+00:00 CRITICAL Uncaught Exception: Đơn hàng không hợp lệ. in E:\xampp\htdocs\quanlikho\wp-content\plugins\woocommerce\includes\data-stores\abstract-wc-order-data-store-cpt.php:104
Stack trace:
#0 E:\xampp\htdocs\quanlikho\wp-content\plugins\woocommerce\includes\class-wc-data-store.php(159): Abstract_WC_Order_Data_Store_CPT->read(Object(WC_Order))
#1 E:\xampp\htdocs\quanlikho\wp-content\plugins\woocommerce\includes\abstracts\abstract-wc-order.php(116): WC_Data_Store->read(Object(WC_Order))
#2 E:\xampp\htdocs\quanlikho\wp-content\plugins\muahang\index.php(56): WC_Abstract_Order->__construct(53)
#3 E:\xampp\htdocs\quanlikho\wp-includes\class-wp-hook.php(307): order('')
#4 E:\xampp\htdocs\quanlikho\wp-includes\class-wp-hook.php(331): WP_Hook->apply_filters('', Array)
#5 E:\xampp\htdocs\quanlikho\wp-includes\plugin.php(476): WP_Hook->do_action(Array)
#6 E:\xampp\htdocs\quanlikho\wp-admin\admin.php(259): do_action('toplevel_page_m...')
#7 {main}
  thrown in E:\xampp\htdocs\quanlikho\wp-content\plugins\woocommerce\includes\data-stores\abstract-wc-order-data-store-cpt.php on line 104

2022-09-19T03:54:48+00:00 CRITICAL Uncaught Exception: Đơn hàng không hợp lệ. in E:\xampp\htdocs\quanlikho\wp-content\plugins\woocommerce\includes\data-stores\abstract-wc-order-data-store-cpt.php:104
Stack trace:
#0 E:\xampp\htdocs\quanlikho\wp-content\plugins\woocommerce\includes\class-wc-data-store.php(159): Abstract_WC_Order_Data_Store_CPT->read(Object(WC_Order))
#1 E:\xampp\htdocs\quanlikho\wp-content\plugins\woocommerce\includes\abstracts\abstract-wc-order.php(116): WC_Data_Store->read(Object(WC_Order))
#2 E:\xampp\htdocs\quanlikho\wp-content\plugins\muahang\index.php(56): WC_Abstract_Order->__construct(53)
#3 E:\xampp\htdocs\quanlikho\wp-includes\class-wp-hook.php(307): order('')
#4 E:\xampp\htdocs\quanlikho\wp-includes\class-wp-hook.php(331): WP_Hook->apply_filters('', Array)
#5 E:\xampp\htdocs\quanlikho\wp-includes\plugin.php(476): WP_Hook->do_action(Array)
#6 E:\xampp\htdocs\quanlikho\wp-admin\admin.php(259): do_action('toplevel_page_m...')
#7 {main}
  thrown in E:\xampp\htdocs\quanlikho\wp-content\plugins\woocommerce\includes\data-stores\abstract-wc-order-data-store-cpt.php on line 104

2022-09-19T04:24:13+00:00 CRITICAL Uncaught Automattic\WooCommerce\HttpClient\HttpClientException: Error: Tham số không hợp lệ : status [rest_invalid_param] in E:\xampp\htdocs\quanlikho\wp-content\plugins\muahang\vendor\automattic\woocommerce\src\WooCommerce\HttpClient\HttpClient.php:383
Stack trace:
#0 E:\xampp\htdocs\quanlikho\wp-content\plugins\muahang\vendor\automattic\woocommerce\src\WooCommerce\HttpClient\HttpClient.php(419): Automattic\WooCommerce\HttpClient\HttpClient->lookForErrors(Object(stdClass))
#1 E:\xampp\htdocs\quanlikho\wp-content\plugins\muahang\vendor\automattic\woocommerce\src\WooCommerce\HttpClient\HttpClient.php(455): Automattic\WooCommerce\HttpClient\HttpClient->processResponse()
#2 E:\xampp\htdocs\quanlikho\wp-content\plugins\muahang\vendor\automattic\woocommerce\src\WooCommerce\Client.php(56): Automattic\WooCommerce\HttpClient\HttpClient->request('orders', 'POST', Array)
#3 E:\xampp\htdocs\quanlikho\wp-content\plugins\muahang\index.php(177): Automattic\WooCommerce\Client->post('orders', Array)
#4 E:\xampp\htdocs in E:\xampp\htdocs\quanlikho\wp-content\plugins\muahang\vendor\automattic\woocommerce\src\WooCommerce\HttpClient\HttpClient.php on line 383

2022-09-19T04:35:38+00:00 CRITICAL Uncaught Error: Call to a member function get_name() on bool in E:\xampp\htdocs\quanlikho\wp-content\plugins\muahang\index.php:70
Stack trace:
#0 E:\xampp\htdocs\quanlikho\wp-includes\class-wp-hook.php(307): sua('')
#1 E:\xampp\htdocs\quanlikho\wp-includes\class-wp-hook.php(331): WP_Hook->apply_filters('', Array)
#2 E:\xampp\htdocs\quanlikho\wp-includes\plugin.php(476): WP_Hook->do_action(Array)
#3 E:\xampp\htdocs\quanlikho\wp-admin\admin.php(259): do_action('mua-hang_page_s...')
#4 {main}
  thrown in E:\xampp\htdocs\quanlikho\wp-content\plugins\muahang\index.php on line 70

2022-09-19T04:35:49+00:00 CRITICAL Uncaught Error: Call to a member function get_name() on bool in E:\xampp\htdocs\quanlikho\wp-content\plugins\muahang\index.php:70
Stack trace:
#0 E:\xampp\htdocs\quanlikho\wp-includes\class-wp-hook.php(307): sua('')
#1 E:\xampp\htdocs\quanlikho\wp-includes\class-wp-hook.php(331): WP_Hook->apply_filters('', Array)
#2 E:\xampp\htdocs\quanlikho\wp-includes\plugin.php(476): WP_Hook->do_action(Array)
#3 E:\xampp\htdocs\quanlikho\wp-admin\admin.php(259): do_action('mua-hang_page_s...')
#4 {main}
  thrown in E:\xampp\htdocs\quanlikho\wp-content\plugins\muahang\index.php on line 70

2022-09-19T04:41:19+00:00 CRITICAL Uncaught Error: Call to a member function get() on null in E:\xampp\htdocs\quanlikho\wp-content\plugins\muahang\index.php:40
Stack trace:
#0 E:\xampp\htdocs\quanlikho\wp-includes\class-wp-hook.php(307): sua('')
#1 E:\xampp\htdocs\quanlikho\wp-includes\class-wp-hook.php(331): WP_Hook->apply_filters('', Array)
#2 E:\xampp\htdocs\quanlikho\wp-includes\plugin.php(476): WP_Hook->do_action(Array)
#3 E:\xampp\htdocs\quanlikho\wp-admin\admin.php(259): do_action('mua-hang_page_s...')
#4 {main}
  thrown in E:\xampp\htdocs\quanlikho\wp-content\plugins\muahang\index.php on line 40

2022-09-19T04:42:52+00:00 CRITICAL Uncaught Error: Call to a member function get_name() on bool in E:\xampp\htdocs\quanlikho\wp-content\plugins\muahang\index.php:72
Stack trace:
#0 E:\xampp\htdocs\quanlikho\wp-includes\class-wp-hook.php(307): sua('')
#1 E:\xampp\htdocs\quanlikho\wp-includes\class-wp-hook.php(331): WP_Hook->apply_filters('', Array)
#2 E:\xampp\htdocs\quanlikho\wp-includes\plugin.php(476): WP_Hook->do_action(Array)
#3 E:\xampp\htdocs\quanlikho\wp-admin\admin.php(259): do_action('mua-hang_page_s...')
#4 {main}
  thrown in E:\xampp\htdocs\quanlikho\wp-content\plugins\muahang\index.php on line 72

2022-09-19T04:44:33+00:00 CRITICAL Uncaught Automattic\WooCommerce\HttpClient\HttpClientException: Error: Product ID or SKU is required. [woocommerce_rest_required_product_reference] in E:\xampp\htdocs\quanlikho\wp-content\plugins\muahang\vendor\automattic\woocommerce\src\WooCommerce\HttpClient\HttpClient.php:383
Stack trace:
#0 E:\xampp\htdocs\quanlikho\wp-content\plugins\muahang\vendor\automattic\woocommerce\src\WooCommerce\HttpClient\HttpClient.php(419): Automattic\WooCommerce\HttpClient\HttpClient->lookForErrors(Object(stdClass))
#1 E:\xampp\htdocs\quanlikho\wp-content\plugins\muahang\vendor\automattic\woocommerce\src\WooCommerce\HttpClient\HttpClient.php(455): Automattic\WooCommerce\HttpClient\HttpClient->processResponse()
#2 E:\xampp\htdocs\quanlikho\wp-content\plugins\muahang\vendor\automattic\woocommerce\src\WooCommerce\Client.php(56): Automattic\WooCommerce\HttpClient\HttpClient->request('orders', 'POST', Array)
#3 E:\xampp\htdocs\quanlikho\wp-content\plugins\muahang\index.php(48): Automattic\WooCommerce\Client->post('orders', Array)
 in E:\xampp\htdocs\quanlikho\wp-content\plugins\muahang\vendor\automattic\woocommerce\src\WooCommerce\HttpClient\HttpClient.php on line 383

2022-09-19T04:46:00+00:00 CRITICAL Uncaught Error: Call to a member function get_name() on bool in E:\xampp\htdocs\quanlikho\wp-content\plugins\muahang\index.php:81
Stack trace:
#0 E:\xampp\htdocs\quanlikho\wp-includes\class-wp-hook.php(307): sua('')
#1 E:\xampp\htdocs\quanlikho\wp-includes\class-wp-hook.php(331): WP_Hook->apply_filters('', Array)
#2 E:\xampp\htdocs\quanlikho\wp-includes\plugin.php(476): WP_Hook->do_action(Array)
#3 E:\xampp\htdocs\quanlikho\wp-admin\admin.php(259): do_action('mua-hang_page_s...')
#4 {main}
  thrown in E:\xampp\htdocs\quanlikho\wp-content\plugins\muahang\index.php on line 81

2022-09-19T04:46:45+00:00 CRITICAL Uncaught Error: Call to a member function get_name() on bool in E:\xampp\htdocs\quanlikho\wp-content\plugins\muahang\index.php:82
Stack trace:
#0 E:\xampp\htdocs\quanlikho\wp-includes\class-wp-hook.php(307): sua('')
#1 E:\xampp\htdocs\quanlikho\wp-includes\class-wp-hook.php(331): WP_Hook->apply_filters('', Array)
#2 E:\xampp\htdocs\quanlikho\wp-includes\plugin.php(476): WP_Hook->do_action(Array)
#3 E:\xampp\htdocs\quanlikho\wp-admin\admin.php(259): do_action('mua-hang_page_s...')
#4 {main}
  thrown in E:\xampp\htdocs\quanlikho\wp-content\plugins\muahang\index.php on line 82

